<?xml version="1.0" encoding="UTF-8"?>
<!-- Generated by org.testng.reporters.JUnitReportReporter -->
<testsuite hostname="DESKTOP-Q6T5L99" failures="0" tests="1" name="test.UrlOpenTest" time="9.155" errors="0" timestamp="2024-01-21T13:41:07 IST" skipped="0">
  <testcase classname="test.UrlOpenTest" name="openUrlTest" time="9.155"/>
  <system-out/>
</testsuite> <!-- test.UrlOpenTest -->
