<?xml version="1.0" encoding="UTF-8"?>
<!-- Generated by org.testng.reporters.JUnitReportReporter -->
<testsuite hostname="DESKTOP-Q6T5L99" failures="0" tests="3" name="test.FirstNameandLastNamedataExcel" time="30.926" errors="0" timestamp="2024-01-21T00:56:15 IST" skipped="0">
  <testcase classname="test.FirstNameandLastNamedataExcel" name="verifyFirstAndLastName" time="10.330"/>
  <system-out/>
  <testcase classname="test.FirstNameandLastNamedataExcel" name="verifyFirstAndLastName" time="10.356"/>
  <system-out/>
  <testcase classname="test.FirstNameandLastNamedataExcel" name="verifyFirstAndLastName" time="10.240"/>
  <system-out/>
</testsuite> <!-- test.FirstNameandLastNamedataExcel -->
