<?xml version="1.0" encoding="UTF-8"?>
<!-- Generated by org.testng.reporters.JUnitReportReporter -->
<testsuite hostname="DESKTOP-Q6T5L99" failures="0" tests="1" name="test.VerifyFirstNameAndLastName" time="0.173" errors="0" timestamp="2024-01-20T17:55:22 IST" skipped="0">
  <testcase classname="test.VerifyFirstNameAndLastName" name="verifyFirstAndLastName" time="0.173"/>
  <system-out/>
</testsuite> <!-- test.VerifyFirstNameAndLastName -->
