<?xml version="1.0" encoding="UTF-8"?>
<!-- Generated by org.testng.reporters.JUnitReportReporter -->
<testsuite hostname="DESKTOP-Q6T5L99" failures="0" tests="3" name="test.FirstNameandLastNamedataProviderJson" time="31.069" errors="0" timestamp="2024-01-20T23:32:35 IST" skipped="0">
  <testcase classname="test.FirstNameandLastNamedataProviderJson" name="verifyFirstAndLastName" time="10.321"/>
  <system-out/>
  <testcase classname="test.FirstNameandLastNamedataProviderJson" name="verifyFirstAndLastName" time="10.345"/>
  <system-out/>
  <testcase classname="test.FirstNameandLastNamedataProviderJson" name="verifyFirstAndLastName" time="10.403"/>
  <system-out/>
</testsuite> <!-- test.FirstNameandLastNamedataProviderJson -->
