<?xml version="1.0" encoding="UTF-8"?>
<!-- Generated by org.testng.reporters.JUnitReportReporter -->
<testsuite hostname="DESKTOP-Q6T5L99" failures="0" tests="2" name="test.UrlOpenTestSuiteWithGroups" time="10.722" errors="0" timestamp="2024-01-21T14:15:43 IST" skipped="0">
  <testcase classname="test.UrlOpenTestSuiteWithGroups" name="testTestNG" time="1.374"/>
  <system-out/>
  <testcase classname="test.UrlOpenTestSuiteWithGroups" name="checkTitle" time="9.348"/>
  <system-out/>
</testsuite> <!-- test.UrlOpenTestSuiteWithGroups -->
